<?xml version="1.0" encoding="UTF-8"?>
<!-- Generated by org.testng.reporters.JUnitReportReporter -->
<testsuite hostname="DESKTOP-OOOA8K2" failures="0" tests="1" name="BaseClass" time="9.279" errors="0" timestamp="27 May 2021 16:56:43 GMT">
  <testcase classname="BaseClass" name="login" time="9.279"/>
</testsuite> <!-- BaseClass -->
