<?xml version="1.0" encoding="UTF-8"?>
<!-- Generated by org.testng.reporters.JUnitReportReporter -->
<testsuite hostname="DESKTOP-OOOA8K2" failures="0" tests="2" name="Stesting" time="13.805" errors="0" timestamp="27 May 2021 14:45:19 GMT">
  <testcase classname="Stesting" name="loginButton" time="0.489"/>
  <testcase classname="Stesting" name="login" time="13.316"/>
</testsuite> <!-- Stesting -->
