<?xml version="1.0" encoding="UTF-8"?>
<!-- Generated by org.testng.reporters.JUnitReportReporter -->
<testsuite hostname="DESKTOP-OOOA8K2" failures="0" tests="11" name="TestScreen" time="29.333" errors="0" timestamp="30 May 2021 10:10:28 GMT">
  <testcase classname="TestScreen" name="TestClearResponseButtonClicked" time="0.382"/>
  <testcase classname="TestScreen" name="TestAllRadioButtonClicked" time="0.570"/>
  <testcase classname="TestScreen" name="TestSaveAndMarkForReviewButtonClicked" time="0.219"/>
  <testcase classname="TestScreen" name="TestPreviousButton" time="0.635"/>
  <testcase classname="TestScreen" name="TestProgressTabClick" time="0.295"/>
  <testcase classname="TestScreen" name="TestNextButton" time="2.664"/>
  <testcase classname="TestScreen" name="TestQuestionButtonClicked" time="0.140"/>
  <testcase classname="TestScreen" name="TestSubmitTestButtonClicked" time="0.308"/>
  <testcase classname="TestScreen" name="TestLogin" time="23.755"/>
  <testcase classname="TestScreen" name="TestSaveAndNextButtonClicked" time="0.217"/>
  <testcase classname="TestScreen" name="TestMarkForReviewAndNextButtonClicked" time="0.148"/>
</testsuite> <!-- TestScreen -->
