<?xml version="1.0" encoding="UTF-8"?>
<!-- Generated by org.testng.reporters.JUnitReportReporter -->
<testsuite hostname="DESKTOP-OOOA8K2" failures="0" tests="1" name="InprogressScreen" time="23.105" errors="0" timestamp="29 May 2021 05:39:30 GMT">
  <testcase classname="InprogressScreen" name="alogin" time="23.105"/>
</testsuite> <!-- InprogressScreen -->
